# JRE version: 7.0_25-b15
# Java VM: Java HotSpot(TM) 64-Bit Server VM (23.25-b01 mixed mode bsd-amd64 compressed oops)
Heap
 def new generation   total 102656K, used 95201K [0x0000000104e80000, 0x000000010bde0000, 0x0000000114e80000)
  eden space 91264K, 100% used [0x0000000104e80000, 0x000000010a7a0000, 0x000000010a7a0000)
  from space 11392K,  34% used [0x000000010b2c0000, 0x000000010b698758, 0x000000010bde0000)
  to   space 11392K,   7% used [0x000000010a7a0000, 0x000000010a883508, 0x000000010b2c0000)
 tenured generation   total 227984K, used 147558K [0x0000000114e80000, 0x0000000122d24000, 0x0000000134e80000)
   the space 227984K,  64% used [0x0000000114e80000, 0x000000011de99b20, 0x000000011de99c00, 0x0000000122d24000)
 compacting perm gen  total 83328K, used 83157K [0x0000000134e80000, 0x0000000139fe0000, 0x0000000144e80000)
   the space 83328K,  99% used [0x0000000134e80000, 0x0000000139fb5600, 0x0000000139fb5600, 0x0000000139fe0000)
GC Heap History (10 events):
Event: 1887,099 GC heap after
Heap after GC invocations=350 (full 11):
 def new generation   total 102656K, used 1317K [0x0000000104e80000, 0x000000010bde0000, 0x0000000114e80000)
  eden space 91264K,   0% used [0x0000000104e80000, 0x0000000104e80000, 0x000000010a7a0000)
  from space 11392K,  11% used [0x000000010b2c0000, 0x000000010b4095e8, 0x000000010bde0000)
  to   space 11392K,   0% used [0x000000010a7a0000, 0x000000010a7a0000, 0x000000010b2c0000)
 tenured generation   total 227984K, used 147558K [0x0000000114e80000, 0x0000000122d24000, 0x0000000134e80000)
   the space 227984K,  64% used [0x0000000114e80000, 0x000000011de99b20, 0x000000011de99c00, 0x0000000122d24000)
 compacting perm gen  total 83328K, used 83058K [0x0000000134e80000, 0x0000000139fe0000, 0x0000000144e80000)
   the space 83328K,  99% used [0x0000000134e80000, 0x0000000139f9ca88, 0x0000000139f9cc00, 0x0000000139fe0000)
No shared spaces configured.
}
Event: 1887,965 GC heap before
{Heap before GC invocations=350 (full 11):
 def new generation   total 102656K, used 92487K [0x0000000104e80000, 0x000000010bde0000, 0x0000000114e80000)
  eden space 91264K,  99% used [0x0000000104e80000, 0x000000010a788990, 0x000000010a7a0000)
  from space 11392K,  11% used [0x000000010b2c0000, 0x000000010b4095e8, 0x000000010bde0000)
  to   space 11392K,   0% used [0x000000010a7a0000, 0x000000010a7a0000, 0x000000010b2c0000)
 tenured generation   total 227984K, used 147558K [0x0000000114e80000, 0x0000000122d24000, 0x0000000134e80000)
   the space 227984K,  64% used [0x0000000114e80000, 0x000000011de99b20, 0x000000011de99c00, 0x0000000122d24000)
 compacting perm gen  total 83328K, used 83063K [0x0000000134e80000, 0x0000000139fe0000, 0x0000000144e80000)
   the space 83328K,  99% used [0x0000000134e80000, 0x0000000139f9dfa0, 0x0000000139f9e000, 0x0000000139fe0000)
No shared spaces configured.
Event: 1887,997 GC heap after
Heap after GC invocations=351 (full 11):
 def new generation   total 102656K, used 3835K [0x0000000104e80000, 0x000000010bde0000, 0x0000000114e80000)
  eden space 91264K,   0% used [0x0000000104e80000, 0x0000000104e80000, 0x000000010a7a0000)
  from space 11392K,  33% used [0x000000010a7a0000, 0x000000010ab5ec70, 0x000000010b2c0000)
  to   space 11392K,   0% used [0x000000010b2c0000, 0x000000010b2c0000, 0x000000010bde0000)
 tenured generation   total 227984K, used 147558K [0x0000000114e80000, 0x0000000122d24000, 0x0000000134e80000)
   the space 227984K,  64% used [0x0000000114e80000, 0x000000011de99b20, 0x000000011de99c00, 0x0000000122d24000)
 compacting perm gen  total 83328K, used 83063K [0x0000000134e80000, 0x0000000139fe0000, 0x0000000144e80000)
   the space 83328K,  99% used [0x0000000134e80000, 0x0000000139f9dfa0, 0x0000000139f9e000, 0x0000000139fe0000)
No shared spaces configured.
}
Event: 2398,808 GC heap before
{Heap before GC invocations=351 (full 11):
 def new generation   total 102656K, used 95099K [0x0000000104e80000, 0x000000010bde0000, 0x0000000114e80000)
  eden space 91264K, 100% used [0x0000000104e80000, 0x000000010a7a0000, 0x000000010a7a0000)
  from space 11392K,  33% used [0x000000010a7a0000, 0x000000010ab5ec70, 0x000000010b2c0000)
  to   space 11392K,   0% used [0x000000010b2c0000, 0x000000010b2c0000, 0x000000010bde0000)
 tenured generation   total 227984K, used 147558K [0x0000000114e80000, 0x0000000122d24000, 0x0000000134e80000)
   the space 227984K,  64% used [0x0000000114e80000, 0x000000011de99b20, 0x000000011de99c00, 0x0000000122d24000)
 compacting perm gen  total 83328K, used 83064K [0x0000000134e80000, 0x0000000139fe0000, 0x0000000144e80000)
   the space 83328K,  99% used [0x0000000134e80000, 0x0000000139f9e300, 0x0000000139f9e400, 0x0000000139fe0000)
No shared spaces configured.
Event: 2398,824 GC heap after
Heap after GC invocations=352 (full 11):
 def new generation   total 102656K, used 1845K [0x0000000104e80000, 0x000000010bde0000, 0x0000000114e80000)
  eden space 91264K,   0% used [0x0000000104e80000, 0x0000000104e80000, 0x000000010a7a0000)
  from space 11392K,  16% used [0x000000010b2c0000, 0x000000010b48d778, 0x000000010bde0000)
  to   space 11392K,   0% used [0x000000010a7a0000, 0x000000010a7a0000, 0x000000010b2c0000)
 tenured generation   total 227984K, used 147558K [0x0000000114e80000, 0x0000000122d24000, 0x0000000134e80000)
   the space 227984K,  64% used [0x0000000114e80000, 0x000000011de99b20, 0x000000011de99c00, 0x0000000122d24000)
 compacting perm gen  total 83328K, used 83064K [0x0000000134e80000, 0x0000000139fe0000, 0x0000000144e80000)
   the space 83328K,  99% used [0x0000000134e80000, 0x0000000139f9e300, 0x0000000139f9e400, 0x0000000139fe0000)
No shared spaces configured.
}
Event: 2958,392 GC heap before
{Heap before GC invocations=352 (full 11):
 def new generation   total 102656K, used 93109K [0x0000000104e80000, 0x000000010bde0000, 0x0000000114e80000)
  eden space 91264K, 100% used [0x0000000104e80000, 0x000000010a7a0000, 0x000000010a7a0000)
  from space 11392K,  16% used [0x000000010b2c0000, 0x000000010b48d778, 0x000000010bde0000)
  to   space 11392K,   0% used [0x000000010a7a0000, 0x000000010a7a0000, 0x000000010b2c0000)
 tenured generation   total 227984K, used 147558K [0x0000000114e80000, 0x0000000122d24000, 0x0000000134e80000)
   the space 227984K,  64% used [0x0000000114e80000, 0x000000011de99b20, 0x000000011de99c00, 0x0000000122d24000)
 compacting perm gen  total 83328K, used 83083K [0x0000000134e80000, 0x0000000139fe0000, 0x0000000144e80000)
   the space 83328K,  99% used [0x0000000134e80000, 0x0000000139fa2d80, 0x0000000139fa2e00, 0x0000000139fe0000)
No shared spaces configured.
Event: 2958,406 GC heap after
Heap after GC invocations=353 (full 11):
 def new generation   total 102656K, used 2837K [0x0000000104e80000, 0x000000010bde0000, 0x0000000114e80000)
  eden space 91264K,   0% used [0x0000000104e80000, 0x0000000104e80000, 0x000000010a7a0000)
  from space 11392K,  24% used [0x000000010a7a0000, 0x000000010aa65730, 0x000000010b2c0000)
  to   space 11392K,   0% used [0x000000010b2c0000, 0x000000010b2c0000, 0x000000010bde0000)
 tenured generation   total 227984K, used 147558K [0x0000000114e80000, 0x0000000122d24000, 0x0000000134e80000)
   the space 227984K,  64% used [0x0000000114e80000, 0x000000011de99b20, 0x000000011de99c00, 0x0000000122d24000)
 compacting perm gen  total 83328K, used 83083K [0x0000000134e80000, 0x0000000139fe0000, 0x0000000144e80000)
   the space 83328K,  99% used [0x0000000134e80000, 0x0000000139fa2d80, 0x0000000139fa2e00, 0x0000000139fe0000)
No shared spaces configured.
}
Event: 2958,938 GC heap before
{Heap before GC invocations=353 (full 11):
 def new generation   total 102656K, used 94101K [0x0000000104e80000, 0x000000010bde0000, 0x0000000114e80000)
  eden space 91264K, 100% used [0x0000000104e80000, 0x000000010a7a0000, 0x000000010a7a0000)
  from space 11392K,  24% used [0x000000010a7a0000, 0x000000010aa65730, 0x000000010b2c0000)
  to   space 11392K,   0% used [0x000000010b2c0000, 0x000000010b2c0000, 0x000000010bde0000)
 tenured generation   total 227984K, used 147558K [0x0000000114e80000, 0x0000000122d24000, 0x0000000134e80000)
   the space 227984K,  64% used [0x0000000114e80000, 0x000000011de99b20, 0x000000011de99c00, 0x0000000122d24000)
 compacting perm gen  total 83328K, used 83097K [0x0000000134e80000, 0x0000000139fe0000, 0x0000000144e80000)
   the space 83328K,  99% used [0x0000000134e80000, 0x0000000139fa67a8, 0x0000000139fa6800, 0x0000000139fe0000)
No shared spaces configured.
Event: 2958,958 GC heap after
Heap after GC invocations=354 (full 11):
 def new generation   total 102656K, used 3937K [0x0000000104e80000, 0x000000010bde0000, 0x0000000114e80000)
  eden space 91264K,   0% used [0x0000000104e80000, 0x0000000104e80000, 0x000000010a7a0000)
  from space 11392K,  34% used [0x000000010b2c0000, 0x000000010b698758, 0x000000010bde0000)
  to   space 11392K,   0% used [0x000000010a7a0000, 0x000000010a7a0000, 0x000000010b2c0000)
 tenured generation   total 227984K, used 147558K [0x0000000114e80000, 0x0000000122d24000, 0x0000000134e80000)
   the space 227984K,  64% used [0x0000000114e80000, 0x000000011de99b20, 0x000000011de99c00, 0x0000000122d24000)
 compacting perm gen  total 83328K, used 83097K [0x0000000134e80000, 0x0000000139fe0000, 0x0000000144e80000)
   the space 83328K,  99% used [0x0000000134e80000, 0x0000000139fa67a8, 0x0000000139fa6800, 0x0000000139fe0000)
No shared spaces configured.
}
Event: 2959,648 GC heap before
{Heap before GC invocations=354 (full 11):
 def new generation   total 102656K, used 95201K [0x0000000104e80000, 0x000000010bde0000, 0x0000000114e80000)
  eden space 91264K, 100% used [0x0000000104e80000, 0x000000010a7a0000, 0x000000010a7a0000)
  from space 11392K,  34% used [0x000000010b2c0000, 0x000000010b698758, 0x000000010bde0000)
  to   space 11392K,   0% used [0x000000010a7a0000, 0x000000010a7a0000, 0x000000010b2c0000)
 tenured generation   total 227984K, used 147558K [0x0000000114e80000, 0x0000000122d24000, 0x0000000134e80000)
   the space 227984K,  64% used [0x0000000114e80000, 0x000000011de99b20, 0x000000011de99c00, 0x0000000122d24000)
 compacting perm gen  total 83328K, used 83157K [0x0000000134e80000, 0x0000000139fe0000, 0x0000000144e80000)
   the space 83328K,  99% used [0x0000000134e80000, 0x0000000139fb5600, 0x0000000139fb5600, 0x0000000139fe0000)
No shared spaces configured.

