# JRE version: 7.0_25-b15
# Java VM: Java HotSpot(TM) 64-Bit Server VM (23.25-b01 mixed mode bsd-amd64 compressed oops)
Heap
 def new generation   total 54912K, used 12329K [0x00000007c0000000, 0x00000007c3b90000, 0x00000007d0000000)
  eden space 48832K,  19% used [0x00000007c0000000, 0x00000007c0928a38, 0x00000007c2fb0000)
  from space 6080K,  48% used [0x00000007c2fb0000, 0x00000007c3291cb0, 0x00000007c35a0000)
  to   space 6080K,   0% used [0x00000007c35a0000, 0x00000007c35a0000, 0x00000007c3b90000)
 tenured generation   total 121764K, used 75677K [0x00000007d0000000, 0x00000007d76e9000, 0x00000007f0000000)
   the space 121764K,  62% used [0x00000007d0000000, 0x00000007d49e7750, 0x00000007d49e7800, 0x00000007d76e9000)
 compacting perm gen  total 46848K, used 46812K [0x00000007f0000000, 0x00000007f2dc0000, 0x0000000800000000)
   the space 46848K,  99% used [0x00000007f0000000, 0x00000007f2db7208, 0x00000007f2db7400, 0x00000007f2dc0000)
GC Heap History (10 events):
Event: 55,863 GC heap before
{Heap before GC invocations=205 (full 4):
 def new generation   total 54912K, used 50530K [0x00000007c0000000, 0x00000007c3b90000, 0x00000007d0000000)
  eden space 48832K, 100% used [0x00000007c0000000, 0x00000007c2fb0000, 0x00000007c2fb0000)
  from space 6080K,  27% used [0x00000007c35a0000, 0x00000007c3748a08, 0x00000007c3b90000)
  to   space 6080K,   0% used [0x00000007c2fb0000, 0x00000007c2fb0000, 0x00000007c35a0000)
 tenured generation   total 121764K, used 70024K [0x00000007d0000000, 0x00000007d76e9000, 0x00000007f0000000)
   the space 121764K,  57% used [0x00000007d0000000, 0x00000007d44623f8, 0x00000007d4462400, 0x00000007d76e9000)
 compacting perm gen  total 45568K, used 45298K [0x00000007f0000000, 0x00000007f2c80000, 0x0000000800000000)
   the space 45568K,  99% used [0x00000007f0000000, 0x00000007f2c3c978, 0x00000007f2c3ca00, 0x00000007f2c80000)
No shared spaces configured.
Event: 55,882 GC heap after
Heap after GC invocations=206 (full 4):
 def new generation   total 54912K, used 4196K [0x00000007c0000000, 0x00000007c3b90000, 0x00000007d0000000)
  eden space 48832K,   0% used [0x00000007c0000000, 0x00000007c0000000, 0x00000007c2fb0000)
  from space 6080K,  69% used [0x00000007c2fb0000, 0x00000007c33c9388, 0x00000007c35a0000)
  to   space 6080K,   0% used [0x00000007c35a0000, 0x00000007c35a0000, 0x00000007c3b90000)
 tenured generation   total 121764K, used 70024K [0x00000007d0000000, 0x00000007d76e9000, 0x00000007f0000000)
   the space 121764K,  57% used [0x00000007d0000000, 0x00000007d44623f8, 0x00000007d4462400, 0x00000007d76e9000)
 compacting perm gen  total 45568K, used 45298K [0x00000007f0000000, 0x00000007f2c80000, 0x0000000800000000)
   the space 45568K,  99% used [0x00000007f0000000, 0x00000007f2c3c978, 0x00000007f2c3ca00, 0x00000007f2c80000)
No shared spaces configured.
}
Event: 56,240 GC heap before
{Heap before GC invocations=206 (full 4):
 def new generation   total 54912K, used 51971K [0x00000007c0000000, 0x00000007c3b90000, 0x00000007d0000000)
  eden space 48832K,  97% used [0x00000007c0000000, 0x00000007c2ea7878, 0x00000007c2fb0000)
  from space 6080K,  69% used [0x00000007c2fb0000, 0x00000007c33c9388, 0x00000007c35a0000)
  to   space 6080K,   0% used [0x00000007c35a0000, 0x00000007c35a0000, 0x00000007c3b90000)
 tenured generation   total 121764K, used 70024K [0x00000007d0000000, 0x00000007d76e9000, 0x00000007f0000000)
   the space 121764K,  57% used [0x00000007d0000000, 0x00000007d44623f8, 0x00000007d4462400, 0x00000007d76e9000)
 compacting perm gen  total 45888K, used 45728K [0x00000007f0000000, 0x00000007f2cd0000, 0x0000000800000000)
   the space 45888K,  99% used [0x00000007f0000000, 0x00000007f2ca8130, 0x00000007f2ca8200, 0x00000007f2cd0000)
No shared spaces configured.
Event: 56,267 GC heap after
Heap after GC invocations=207 (full 4):
 def new generation   total 54912K, used 4243K [0x00000007c0000000, 0x00000007c3b90000, 0x00000007d0000000)
  eden space 48832K,   0% used [0x00000007c0000000, 0x00000007c0000000, 0x00000007c2fb0000)
  from space 6080K,  69% used [0x00000007c35a0000, 0x00000007c39c4f88, 0x00000007c3b90000)
  to   space 6080K,   0% used [0x00000007c2fb0000, 0x00000007c2fb0000, 0x00000007c35a0000)
 tenured generation   total 121764K, used 71549K [0x00000007d0000000, 0x00000007d76e9000, 0x00000007f0000000)
   the space 121764K,  58% used [0x00000007d0000000, 0x00000007d45df548, 0x00000007d45df600, 0x00000007d76e9000)
 compacting perm gen  total 45888K, used 45728K [0x00000007f0000000, 0x00000007f2cd0000, 0x0000000800000000)
   the space 45888K,  99% used [0x00000007f0000000, 0x00000007f2ca8130, 0x00000007f2ca8200, 0x00000007f2cd0000)
No shared spaces configured.
}
Event: 56,306 GC heap before
{Heap before GC invocations=207 (full 4):
 def new generation   total 54912K, used 45524K [0x00000007c0000000, 0x00000007c3b90000, 0x00000007d0000000)
  eden space 48832K,  84% used [0x00000007c0000000, 0x00000007c2850408, 0x00000007c2fb0000)
  from space 6080K,  69% used [0x00000007c35a0000, 0x00000007c39c4f88, 0x00000007c3b90000)
  to   space 6080K,   0% used [0x00000007c2fb0000, 0x00000007c2fb0000, 0x00000007c35a0000)
 tenured generation   total 121764K, used 71549K [0x00000007d0000000, 0x00000007d76e9000, 0x00000007f0000000)
   the space 121764K,  58% used [0x00000007d0000000, 0x00000007d45df548, 0x00000007d45df600, 0x00000007d76e9000)
 compacting perm gen  total 45888K, used 45766K [0x00000007f0000000, 0x00000007f2cd0000, 0x0000000800000000)
   the space 45888K,  99% used [0x00000007f0000000, 0x00000007f2cb1838, 0x00000007f2cb1a00, 0x00000007f2cd0000)
No shared spaces configured.
Event: 56,325 GC heap after
Heap after GC invocations=208 (full 4):
 def new generation   total 54912K, used 2081K [0x00000007c0000000, 0x00000007c3b90000, 0x00000007d0000000)
  eden space 48832K,   0% used [0x00000007c0000000, 0x00000007c0000000, 0x00000007c2fb0000)
  from space 6080K,  34% used [0x00000007c2fb0000, 0x00000007c31b87b8, 0x00000007c35a0000)
  to   space 6080K,   0% used [0x00000007c35a0000, 0x00000007c35a0000, 0x00000007c3b90000)
 tenured generation   total 121764K, used 73711K [0x00000007d0000000, 0x00000007d76e9000, 0x00000007f0000000)
   the space 121764K,  60% used [0x00000007d0000000, 0x00000007d47fbed8, 0x00000007d47fc000, 0x00000007d76e9000)
 compacting perm gen  total 45888K, used 45766K [0x00000007f0000000, 0x00000007f2cd0000, 0x0000000800000000)
   the space 45888K,  99% used [0x00000007f0000000, 0x00000007f2cb1838, 0x00000007f2cb1a00, 0x00000007f2cd0000)
No shared spaces configured.
}
Event: 56,705 GC heap before
{Heap before GC invocations=208 (full 4):
 def new generation   total 54912K, used 47760K [0x00000007c0000000, 0x00000007c3b90000, 0x00000007d0000000)
  eden space 48832K,  93% used [0x00000007c0000000, 0x00000007c2c9bb40, 0x00000007c2fb0000)
  from space 6080K,  34% used [0x00000007c2fb0000, 0x00000007c31b87b8, 0x00000007c35a0000)
  to   space 6080K,   0% used [0x00000007c35a0000, 0x00000007c35a0000, 0x00000007c3b90000)
 tenured generation   total 121764K, used 73711K [0x00000007d0000000, 0x00000007d76e9000, 0x00000007f0000000)
   the space 121764K,  60% used [0x00000007d0000000, 0x00000007d47fbed8, 0x00000007d47fc000, 0x00000007d76e9000)
 compacting perm gen  total 46528K, used 46290K [0x00000007f0000000, 0x00000007f2d70000, 0x0000000800000000)
   the space 46528K,  99% used [0x00000007f0000000, 0x00000007f2d34950, 0x00000007f2d34a00, 0x00000007f2d70000)
No shared spaces configured.
Event: 56,724 GC heap after
Heap after GC invocations=209 (full 4):
 def new generation   total 54912K, used 3741K [0x00000007c0000000, 0x00000007c3b90000, 0x00000007d0000000)
  eden space 48832K,   0% used [0x00000007c0000000, 0x00000007c0000000, 0x00000007c2fb0000)
  from space 6080K,  61% used [0x00000007c35a0000, 0x00000007c39476b8, 0x00000007c3b90000)
  to   space 6080K,   0% used [0x00000007c2fb0000, 0x00000007c2fb0000, 0x00000007c35a0000)
 tenured generation   total 121764K, used 73711K [0x00000007d0000000, 0x00000007d76e9000, 0x00000007f0000000)
   the space 121764K,  60% used [0x00000007d0000000, 0x00000007d47fbed8, 0x00000007d47fc000, 0x00000007d76e9000)
 compacting perm gen  total 46528K, used 46290K [0x00000007f0000000, 0x00000007f2d70000, 0x0000000800000000)
   the space 46528K,  99% used [0x00000007f0000000, 0x00000007f2d34950, 0x00000007f2d34a00, 0x00000007f2d70000)
No shared spaces configured.
}
Event: 57,353 GC heap before
{Heap before GC invocations=209 (full 4):
 def new generation   total 54912K, used 52573K [0x00000007c0000000, 0x00000007c3b90000, 0x00000007d0000000)
  eden space 48832K, 100% used [0x00000007c0000000, 0x00000007c2fb0000, 0x00000007c2fb0000)
  from space 6080K,  61% used [0x00000007c35a0000, 0x00000007c39476b8, 0x00000007c3b90000)
  to   space 6080K,   0% used [0x00000007c2fb0000, 0x00000007c2fb0000, 0x00000007c35a0000)
 tenured generation   total 121764K, used 73711K [0x00000007d0000000, 0x00000007d76e9000, 0x00000007f0000000)
   the space 121764K,  60% used [0x00000007d0000000, 0x00000007d47fbed8, 0x00000007d47fc000, 0x00000007d76e9000)
 compacting perm gen  total 46848K, used 46595K [0x00000007f0000000, 0x00000007f2dc0000, 0x0000000800000000)
   the space 46848K,  99% used [0x00000007f0000000, 0x00000007f2d80c68, 0x00000007f2d80e00, 0x00000007f2dc0000)
No shared spaces configured.
Event: 57,375 GC heap after
Heap after GC invocations=210 (full 4):
 def new generation   total 54912K, used 2951K [0x00000007c0000000, 0x00000007c3b90000, 0x00000007d0000000)
  eden space 48832K,   0% used [0x00000007c0000000, 0x00000007c0000000, 0x00000007c2fb0000)
  from space 6080K,  48% used [0x00000007c2fb0000, 0x00000007c3291cb0, 0x00000007c35a0000)
  to   space 6080K,   0% used [0x00000007c35a0000, 0x00000007c35a0000, 0x00000007c3b90000)
 tenured generation   total 121764K, used 75677K [0x00000007d0000000, 0x00000007d76e9000, 0x00000007f0000000)
   the space 121764K,  62% used [0x00000007d0000000, 0x00000007d49e7750, 0x00000007d49e7800, 0x00000007d76e9000)
 compacting perm gen  total 46848K, used 46595K [0x00000007f0000000, 0x00000007f2dc0000, 0x0000000800000000)
   the space 46848K,  99% used [0x00000007f0000000, 0x00000007f2d80c68, 0x00000007f2d80e00, 0x00000007f2dc0000)
No shared spaces configured.
}

